<?xml version="1.0" encoding="UTF-8"?>
<!-- Generated by org.testng.reporters.JUnitReportReporter -->
<testsuite skipped="0" hostname="lenovo-PC" name="com.crm.qa.test.ContactsPageTest" tests="6" failures="0" timestamp="31 Jan 2019 07:37:21 GMT" time="276.377" errors="0">
  <testcase name="verifyContactsPageLabel" time="38.771" classname="com.crm.qa.test.ContactsPageTest"/>
  <testcase name="selectSingleContactsTest" time="40.037" classname="com.crm.qa.test.ContactsPageTest"/>
  <testcase name="selectMultipleContactsTest" time="39.917" classname="com.crm.qa.test.ContactsPageTest"/>
  <testcase name="validateCreateNewContact" time="53.133" classname="com.crm.qa.test.ContactsPageTest"/>
  <testcase name="validateCreateNewContact" time="52.658" classname="com.crm.qa.test.ContactsPageTest"/>
  <testcase name="validateCreateNewContact" time="51.861" classname="com.crm.qa.test.ContactsPageTest"/>
</testsuite> <!-- com.crm.qa.test.ContactsPageTest -->
