<?xml version="1.0" encoding="UTF-8"?>
<!-- Generated by org.testng.reporters.JUnitReportReporter -->
<testsuite skipped="0" hostname="lenovo-PC" name="com.crm.qa.test.LoginPageTest" tests="3" failures="0" timestamp="31 Jan 2019 07:37:21 GMT" time="48.510" errors="0">
  <testcase name="loginPageTitleTest" time="17.355" classname="com.crm.qa.test.LoginPageTest"/>
  <testcase name="crmLogoImageTest" time="12.711" classname="com.crm.qa.test.LoginPageTest"/>
  <testcase name="loginTest" time="18.444" classname="com.crm.qa.test.LoginPageTest"/>
</testsuite> <!-- com.crm.qa.test.LoginPageTest -->
