<?xml version="1.0" encoding="UTF-8"?>
<!-- Generated by org.testng.reporters.JUnitReportReporter -->
<testsuite skipped="0" hostname="lenovo-PC" name="com.crm.qa.test.HomePageTest" tests="3" failures="0" timestamp="31 Jan 2019 07:37:21 GMT" time="68.613" errors="0">
  <testcase name="verifyHomePageTitleTest" time="20.610" classname="com.crm.qa.test.HomePageTest"/>
  <testcase name="verifyUserNameTest" time="25.749" classname="com.crm.qa.test.HomePageTest"/>
  <testcase name="verifyContactLinkText" time="22.254" classname="com.crm.qa.test.HomePageTest"/>
</testsuite> <!-- com.crm.qa.test.HomePageTest -->
