<?xml version="1.0" encoding="UTF-8"?>
<!-- Generated by org.testng.reporters.JUnitReportReporter -->
<testsuite skipped="0" hostname="lenovo-PC" name="com.crm.qa.test.HomePageTest" tests="3" failures="0" timestamp="31 Jan 2019 10:18:28 GMT" time="100.347" errors="0">
  <testcase name="verifyHomePageTitleTest" time="23.515" classname="com.crm.qa.test.HomePageTest"/>
  <testcase name="verifyUserNameTest" time="24.495" classname="com.crm.qa.test.HomePageTest"/>
  <testcase name="verifyContactLinkText" time="52.337" classname="com.crm.qa.test.HomePageTest"/>
</testsuite> <!-- com.crm.qa.test.HomePageTest -->
