<?xml version="1.0" encoding="UTF-8"?>
<!-- Generated by org.testng.reporters.JUnitReportReporter -->
<testsuite skipped="0" hostname="lenovo-PC" name="com.crm.qa.test.LoginPageTest" tests="3" failures="0" timestamp="31 Jan 2019 10:18:28 GMT" time="56.464" errors="0">
  <testcase name="loginPageTitleTest" time="17.721" classname="com.crm.qa.test.LoginPageTest"/>
  <testcase name="crmLogoImageTest" time="15.879" classname="com.crm.qa.test.LoginPageTest"/>
  <testcase name="loginTest" time="22.864" classname="com.crm.qa.test.LoginPageTest"/>
</testsuite> <!-- com.crm.qa.test.LoginPageTest -->
